Terminals unused in grammar

   AUTO
   BREAK
   CASE
   CHAR
   CONST
   CONTINUE
   DEFAULT
   DO
   DOUBLE
   ELSE
   ENUM
   EXTERN
   FLOAT
   FOR
   GOTO
   IF
   INLINE
   INT
   LONG
   REGISTER
   RESTRICT
   RETURN
   SHORT
   SIGNED
   SIZEOF
   STATIC
   STRUCT
   SWITCH
   TYPEDEF
   UNION
   UNSIGNED
   VOID
   VOLATILE
   WHILE
   BOOL
   COMPLEX
   IMAGINARY
   ONELINE_COMMENT
   MULTI_LINE_COMMENT
   IDENTIFIER
   INTEGER_NO
   FLOAT_NO
   ENUMERATION_CONSTANT
   CHARACTER
   STRING
   LEFT_SQUARE_BRACK
   RIGHT_SQUARE_BRACK
   LEFT_ROUND_BRACK
   RIGHT_ROUND_BRACK
   LEFT_CURLY_BRACK
   RIGHT_CURLY_BRACK
   DOT
   ARROW
   INCREM
   DECREM
   AMPEAND
   MULTIPLICATION
   ADDITION
   SUBTRACTION
   TILDA
   NEGAT
   FORWARD_SLA
   percent
   LEFT_SHIFT
   RIGHT_SHIFT
   LESS_THAN
   GREATER_THAN
   LES_EQUAL
   GREAT_EQUAL
   EQUAL_EQUAL
   NOT_EQUAL
   EXCLUSIVE_OR
   OR
   B_AND
   B_OR
   ELLIPSIS
   QUESTION
   COLON
   SEMI_COLON
   EQUAL
   ST_EQUAL
   SLASH_EQUAL
   percent_EQUAL
   add_EQUAL
   MINUS_EQUAL
   LEFT_SHIFT_EQUAL
   RIGHT_SHIFT_EQUAL
   AND_EQUAL
   X_EQUAL
   OR_EQUAL
   COMMA
   HASH


Grammar

    0 $accept: statement $end

    1 statement: %empty


Terminals, with rules where they appear

$end (0) 0
error (256)
AUTO (258)
BREAK (259)
CASE (260)
CHAR (261)
CONST (262)
CONTINUE (263)
DEFAULT (264)
DO (265)
DOUBLE (266)
ELSE (267)
ENUM (268)
EXTERN (269)
FLOAT (270)
FOR (271)
GOTO (272)
IF (273)
INLINE (274)
INT (275)
LONG (276)
REGISTER (277)
RESTRICT (278)
RETURN (279)
SHORT (280)
SIGNED (281)
SIZEOF (282)
STATIC (283)
STRUCT (284)
SWITCH (285)
TYPEDEF (286)
UNION (287)
UNSIGNED (288)
VOID (289)
VOLATILE (290)
WHILE (291)
BOOL (292)
COMPLEX (293)
IMAGINARY (294)
ONELINE_COMMENT (295)
MULTI_LINE_COMMENT (296)
IDENTIFIER (297)
INTEGER_NO (298)
FLOAT_NO (299)
ENUMERATION_CONSTANT (300)
CHARACTER (301)
STRING (302)
LEFT_SQUARE_BRACK (303)
RIGHT_SQUARE_BRACK (304)
LEFT_ROUND_BRACK (305)
RIGHT_ROUND_BRACK (306)
LEFT_CURLY_BRACK (307)
RIGHT_CURLY_BRACK (308)
DOT (309)
ARROW (310)
INCREM (311)
DECREM (312)
AMPEAND (313)
MULTIPLICATION (314)
ADDITION (315)
SUBTRACTION (316)
TILDA (317)
NEGAT (318)
FORWARD_SLA (319)
percent (320)
LEFT_SHIFT (321)
RIGHT_SHIFT (322)
LESS_THAN (323)
GREATER_THAN (324)
LES_EQUAL (325)
GREAT_EQUAL (326)
EQUAL_EQUAL (327)
NOT_EQUAL (328)
EXCLUSIVE_OR (329)
OR (330)
B_AND (331)
B_OR (332)
ELLIPSIS (333)
QUESTION (334)
COLON (335)
SEMI_COLON (336)
EQUAL (337)
ST_EQUAL (338)
SLASH_EQUAL (339)
percent_EQUAL (340)
add_EQUAL (341)
MINUS_EQUAL (342)
LEFT_SHIFT_EQUAL (343)
RIGHT_SHIFT_EQUAL (344)
AND_EQUAL (345)
X_EQUAL (346)
OR_EQUAL (347)
COMMA (348)
HASH (349)


Nonterminals, with rules where they appear

$accept (95)
    on left: 0
statement (96)
    on left: 1, on right: 0


State 0

    0 $accept: . statement $end

    $default  reduce using rule 1 (statement)

    statement  go to state 1


State 1

    0 $accept: statement . $end

    $end  shift, and go to state 2


State 2

    0 $accept: statement $end .

    $default  accept
